d:\mmdbridge\build_vs2022_64\src\d3d9.dir\release\umevent.obj
d:\mmdbridge\build_vs2022_64\src\d3d9.dir\release\alembic.obj
d:\mmdbridge\build_vs2022_64\src\d3d9.dir\release\d3d9.obj
d:\mmdbridge\build_vs2022_64\src\d3d9.dir\release\umtime.obj
d:\mmdbridge\build_vs2022_64\src\d3d9.dir\release\umpath.obj
d:\mmdbridge\build_vs2022_64\src\d3d9.dir\release\pmx.obj
d:\mmdbridge\build_vs2022_64\src\d3d9.dir\release\vmd.obj
d:\mmdbridge\build_vs2022_64\src\d3d9.dir\release\umbox.obj
d:\mmdbridge\build_vs2022_64\src\d3d9.dir\release\bridge_parameter.obj
d:\mmdbridge\build_vs2022_64\src\cmakefiles\generate.stamp
d:\mmdbridge\build_vs2022_64\src\release\d3d9.lib
d:\mmdbridge\build_vs2022_64\src\release\d3d9.exp
d:\mmdbridge\build_vs2022_64\src\d3d9.dir\release\d3d9.res
d:\mmdbridge\build_vs2022_64\src\d3d9.dir\release\d3d9.ipdb
d:\mmdbridge\build_vs2022_64\src\d3d9.dir\release\d3d9.iobj
d:\mmdbridge\build_vs2022_64\src\d3d9.dir\release\d3d9.tlog\cl.11992.write.1.tlog
d:\mmdbridge\build_vs2022_64\src\d3d9.dir\release\d3d9.tlog\cl.command.1.tlog
d:\mmdbridge\build_vs2022_64\src\d3d9.dir\release\d3d9.tlog\cl.read.1.tlog
d:\mmdbridge\build_vs2022_64\src\d3d9.dir\release\d3d9.tlog\custombuild.command.1.tlog
d:\mmdbridge\build_vs2022_64\src\d3d9.dir\release\d3d9.tlog\custombuild.read.1.tlog
d:\mmdbridge\build_vs2022_64\src\d3d9.dir\release\d3d9.tlog\custombuild.write.1.tlog
d:\mmdbridge\build_vs2022_64\src\d3d9.dir\release\d3d9.tlog\d3d9.write.1u.tlog
d:\mmdbridge\build_vs2022_64\src\d3d9.dir\release\d3d9.tlog\link.command.1.tlog
d:\mmdbridge\build_vs2022_64\src\d3d9.dir\release\d3d9.tlog\link.read.1.tlog
d:\mmdbridge\build_vs2022_64\src\d3d9.dir\release\d3d9.tlog\link.write.1.tlog
d:\mmdbridge\build_vs2022_64\src\d3d9.dir\release\d3d9.tlog\rc.command.1.tlog
d:\mmdbridge\build_vs2022_64\src\d3d9.dir\release\d3d9.tlog\rc.read.1.tlog
d:\mmdbridge\build_vs2022_64\src\d3d9.dir\release\d3d9.tlog\rc.write.1.tlog
