C:\Program Files\Microsoft Visual Studio\2022\Enterprise\MSBuild\Current\Bin\amd64\Microsoft.Common.CurrentVersion.targets(2065,5): warning : The referenced project 'D:\mmdbridge\build_vs2022_64\ZERO_CHECK.vcxproj' does not exist.
  Building Custom Rule D:/mmdbridge/src/CMakeLists.txt
  alembic.cpp
  bridge_parameter.cpp
  d3d9.cpp
  pmx.cpp
  vmd.cpp
  UMBox.cpp
  UMEvent.cpp
  UMPath.cpp
  UMTime.cpp
D:\mmdbridge\MikuMikuDance_x64\Data\MMDExport.h(1,1): warning C4819: 该文件包含不能在当前代码页(936)中表示的字符。请将该文件保存为 Unicode 格式以防止数据丢失 (编译源文件 D:\mmdbridge\src\d3d9\d3d9.cpp)
D:\mmdbridge\MikuMikuDance_x64\Data\MMDExport.h(1,1): warning C4819: 该文件包含不能在当前代码页(936)中表示的字符。请将该文件保存为 Unicode 格式以防止数据丢失 (编译源文件 D:\mmdbridge\src\d3d9\pmx.cpp)
D:\mmdbridge\MikuMikuDance_x64\Data\MMDExport.h(1,1): warning C4819: 该文件包含不能在当前代码页(936)中表示的字符。请将该文件保存为 Unicode 格式以防止数据丢失 (编译源文件 D:\mmdbridge\src\d3d9\vmd.cpp)
    正在创建库 D:/mmdbridge/build_vs2022_64/src/Release/d3d9.lib 和对象 D:/mmdbridge/build_vs2022_64/src/Release/d3d9.exp
d3d9.exp : warning LNK4070: .EXP 中的 /OUT:d3d9_.dll 指令与输出文件名“D:\mmdbridge\build_vs2022_64\src\Release\d3d9.dll”不同；忽略指令
  正在生成代码
  Previous IPDB not found, fall back to full compilation.
  All 22044 functions were compiled because no usable IPDB/IOBJ from previous compilation was found.
  已完成代码的生成
d3d9.exp : warning LNK4070: .EXP 中的 /OUT:d3d9_.dll 指令与输出文件名“D:\mmdbridge\build_vs2022_64\src\Release\d3d9.dll”不同；忽略指令
  d3d9.vcxproj -> D:\mmdbridge\build_vs2022_64\src\Release\d3d9.dll
